2023-09-26 14:50:28,346-> W3975 weight: 27.15
2023-09-26 14:50:28,347-> Please feed 1.0 g.

2023-09-27 06:45:04,829-> W4082 weight: 20.23
2023-09-27 06:45:04,829-> Please feed 1.2 g.

2023-09-27 06:47:50,971-> W3975 weight: 26.88
2023-09-27 06:47:50,971-> Please feed 1.0 g.

2023-09-27 06:49:21,528-> TG169 weight: 25.96
2023-09-27 06:49:21,538-> Please feed 1.6 g.

2023-09-27 06:50:20,943-> W3974 weight: 24.66
2023-09-27 06:50:20,944-> Please feed 1.2 g.

2023-09-27 06:51:43,106-> TG177 weight: 19.3
2023-09-27 06:51:43,106-> Please feed 1.6 g.

2023-09-27 06:53:10,666-> TG175 weight: 19.89
2023-09-27 06:53:10,666-> Please feed 1.6 g.

2023-09-27 06:54:12,872-> W4027 weight: 22.34
2023-09-27 06:54:12,888-> Please feed 1.6 g.

2023-09-27 06:55:19,702-> W4020 weight: 21.95
2023-09-27 06:55:19,702-> Please feed 1.6 g.

2023-09-27 06:56:30,253-> W4100 weight: 21.66
2023-09-27 06:56:30,253-> Please feed 1.6 g.

2023-09-27 06:57:39,260-> TG176 weight: 19.1
2023-09-27 06:57:39,260-> Please feed 1.2 g.

2023-09-27 06:58:58,843-> W4099 weight: 22.16
2023-09-27 06:58:58,843-> Please feed 1.6 g.

2023-09-27 06:59:50,447-> W4021 weight: 21.88
2023-09-27 06:59:50,447-> Please feed 1.6 g.

2023-09-27 07:02:08,668-> W4025 weight: 20.99
2023-09-27 07:02:08,668-> Please feed 1.9 g.

2023-09-27 07:02:55,155-> W4139 weight: 19.77
2023-09-27 07:02:55,155-> Please feed 1.9 g.

2023-09-27 07:04:21,344-> W4098 weight: 20.7
2023-09-27 07:04:21,344-> Please feed 1.9 g.

2023-09-27 07:05:20,244-> W4037 weight: 24.38
2023-09-27 07:05:20,244-> Please feed 1.2 g.

2023-09-27 07:06:45,778-> W4022 weight: 21.79
2023-09-27 07:06:45,778-> Please feed 1.6 g.

2023-09-27 07:07:41,731-> W4137 weight: 21.82
2023-09-27 07:07:41,731-> Please feed 1.6 g.

2023-09-27 07:09:19,269-> W4024 weight: 22.05
2023-09-27 07:09:19,269-> Please feed 1.6 g.

2023-09-27 07:10:30,723-> W4138 weight: 22.81
2023-09-27 07:10:30,723-> Please feed 1.6 g.

2023-09-27 07:11:54,939-> TG168 weight: 26.63
2023-09-27 07:11:54,939-> Please feed 1.6 g.

2023-09-27 07:13:03,145-> TPH3989 weight: 22.56
2023-09-27 07:13:03,145-> Please feed 1.6 g.

2023-09-27 07:14:44,302-> TPH3988 weight: 21.17
2023-09-27 07:14:44,302-> Please feed 2.5 g.

2023-09-27 07:16:40,209-> W4101 weight: 22.66
2023-09-27 07:16:40,209-> Please feed 1.2 g.

2023-09-27 07:20:50,029-> TPH3987 weight: 22.56
2023-09-27 07:20:50,029-> Please feed 1.6 g.

2023-09-27 07:22:43,233-> W4097 weight: 22.09
2023-09-27 07:22:43,233-> Please feed 1.9 g.

2023-09-27 07:23:36,064-> W4096 weight: 22.23
2023-09-27 07:23:36,064-> Please feed 1.9 g.

2023-09-27 07:24:29,724-> W4038 weight: 23.06
2023-09-27 07:24:29,724-> Please feed 1.6 g.

2023-09-27 07:25:33,176-> W4136 weight: 21.71
2023-09-27 07:25:33,176-> Please feed 1.9 g.

2023-09-27 07:26:56,251-> W4103 weight: 20.51
2023-09-27 07:26:56,251-> Please feed 1.9 g.

2023-09-27 07:27:45,997-> W4102 weight: 21.15
2023-09-27 07:27:45,997-> Please feed 1.9 g.

2023/09/27-08:17-> Entering for 2023-09-27, save with weight_2023.xlsx
2023/09/27-08:18-> Entering for 2024-04-21, save with weight_2024.xlsx
2023/09/27-08:18-> Entering for 2024-04-24, save with weight_2024.xlsx
2023/09/27-08:18-> WARNING: No deprive weight detected
2023/09/27-08:19-> Using 23.4 as deprive weight, please manually add it to the excel file later
2023/09/27-08:19-> ID: F1111, Weight: 9.75 g
2023/09/27-08:19-> Please feed 3.0 g.

